#
# A fatal error has been detected by the Java Runtime Environment:
#
#  EXCEPTION_ACCESS_VIOLATION (0xc0000005) at pc=0x00007ff9a609dd1a, pid=1332, tid=508
#
# JRE version: Java(TM) SE Runtime Environment (8.0_66-b18) (build 1.8.0_66-b18)
# Java VM: Java HotSpot(TM) 64-Bit Server VM (25.66-b18 mixed mode windows-amd64 compressed oops)
# Problematic frame:
# C  [libpxcclr.jni64.dll+0xdd1a]
#
# Failed to write core dump. Minidumps are not enabled by default on client versions of Windows
#
# If you would like to submit a bug report, please visit:
#   http://bugreport.java.com/bugreport/crash.jsp
# The crash happened outside the Java Virtual Machine in native code.
# See problematic frame for where to report the bug.
#

---------------  T H R E A D  ---------------

Current thread (0x0000000002840800):  JavaThread "main" [_thread_in_native, id=508, stack(0x00000000023b0000,0x00000000024b0000)]

siginfo: ExceptionCode=0xc0000005, reading address 0x0000000000000000

Registers:
RAX=0x00007ff9a609dd10, RBX=0x00000000251c2e18, RCX=0x00000000028409f8, RDX=0x00000000024af6e0
RSP=0x00000000024af620, RBP=0x00000000024af6d0, RSI=0x0000000000000021, RDI=0x00000000029d7730
R8 =0x0000000000000000, R9 =0x00000000029c7950, R10=0x00000000029e5e08, R11=0x0000000052009570
R12=0x0000000000000000, R13=0x00000000251c2e18, R14=0x00000000024af6f8, R15=0x00000000028409f8
RIP=0x00007ff9a609dd1a, EFLAGS=0x0000000000010202

Top of Stack: (sp=0x00000000024af620)
0x00000000024af620:   00000000029d7730 00000000029e5cc6
0x00000000024af630:   00000000024afa00 0000000002840800
0x00000000024af640:   00000000251c2e18 00000000024af6d0
0x00000000024af650:   0000000002840800 00000000029e5e34
0x00000000024af660:   0000000002840800 00000000251c2e18
0x00000000024af670:   0000000000000021 0000000002840800
0x00000000024af680:   00000000024af750 00000000029e5b62
0x00000000024af690:   00000000024af690 00000000251c2e18
0x00000000024af6a0:   00000000024af6f8 00000000254e39e8
0x00000000024af6b0:   0000000000000000 00000000251c2e18
0x00000000024af6c0:   0000000000000000 00000000024af6f0
0x00000000024af6d0:   00000000024af740 00000000029d7a70
0x00000000024af6e0:   0000000718034528 00000000029df97b
0x00000000024af6f0:   0000000000000000 00000007180345a0
0x00000000024af700:   00000000024af700 00000000251c3bc4
0x00000000024af710:   00000000024af750 00000000254e39e8 

Instructions: (pc=0x00007ff9a609dd1a)
0x00007ff9a609dcfa:   4c 8b 48 08 48 83 c4 28 41 ff e1 0f 1f 40 00 0f
0x00007ff9a609dd0a:   1f 80 00 00 00 00 41 57 55 48 83 ec 28 49 89 cf
0x00007ff9a609dd1a:   49 8b 00 4c 89 c1 ff 50 20 89 c5 48 83 3d 0b 95
0x00007ff9a609dd2a:   03 00 00 74 53 4c 8b 05 f2 94 03 00 33 d2 49 83 


Register to memory mapping:

RAX=0x00007ff9a609dd10 is an unknown value
RBX={method} {0x00000000251c2e20} 'PXCMHandData_IHand_QueryBodySide' '(J)Lintel/rssdk/PXCMHandData$BodySideType;' in 'intel/rssdk/PXCMHandData$IHand'
RCX=0x00000000028409f8 is an unknown value
RDX=0x00000000024af6e0 is pointing into the stack for thread: 0x0000000002840800
RSP=0x00000000024af620 is pointing into the stack for thread: 0x0000000002840800
RBP=0x00000000024af6d0 is pointing into the stack for thread: 0x0000000002840800
RSI=0x0000000000000021 is an unknown value
RDI=0x00000000029d7730 is at code_begin+624 in an Interpreter codelet
invoke return entry points  [0x00000000029d74c0, 0x00000000029d7dc0]  2304 bytes
R8 =0x0000000000000000 is an unknown value
R9 =0x00000000029c7950 is an unknown value
R10=0x00000000029e5e08 is at code_begin+840 in an Interpreter codelet
method entry point (kind = native)  [0x00000000029e5ac0, 0x00000000029e6420]  2400 bytes
R11=0x0000000052009570 is an unknown value
R12=0x0000000000000000 is an unknown value
R13={method} {0x00000000251c2e20} 'PXCMHandData_IHand_QueryBodySide' '(J)Lintel/rssdk/PXCMHandData$BodySideType;' in 'intel/rssdk/PXCMHandData$IHand'
R14=0x00000000024af6f8 is pointing into the stack for thread: 0x0000000002840800
R15=0x00000000028409f8 is an unknown value


Stack: [0x00000000023b0000,0x00000000024b0000],  sp=0x00000000024af620,  free space=1021k
Native frames: (J=compiled Java code, j=interpreted, Vv=VM code, C=native code)
C  [libpxcclr.jni64.dll+0xdd1a]
C  0x00000000029e5e34

Java frames: (J=compiled Java code, j=interpreted, Vv=VM code)
j  intel.rssdk.PXCMHandData$IHand.PXCMHandData_IHand_QueryBodySide(J)Lintel/rssdk/PXCMHandData$BodySideType;+0
j  intel.rssdk.PXCMHandData$IHand.QueryBodySide()Lintel/rssdk/PXCMHandData$BodySideType;+4
j  hand.HandCapture.main([Ljava/lang/String;)V+546
v  ~StubRoutines::call_stub

---------------  P R O C E S S  ---------------

Java Threads: ( => current thread )
  0x0000000034107800 JavaThread "AWT-EventQueue-0" [_thread_blocked, id=7668, stack(0x0000000034bb0000,0x0000000034cb0000)]
  0x0000000034119800 JavaThread "AWT-Windows" daemon [_thread_in_native, id=3560, stack(0x0000000034ab0000,0x0000000034bb0000)]
  0x0000000034119000 JavaThread "AWT-Shutdown" [_thread_blocked, id=6988, stack(0x00000000349b0000,0x0000000034ab0000)]
  0x0000000034118800 JavaThread "Java2D Disposer" daemon [_thread_blocked, id=5612, stack(0x00000000348b0000,0x00000000349b0000)]
  0x0000000027a0f800 JavaThread "Service Thread" daemon [_thread_blocked, id=4416, stack(0x00000000282e0000,0x00000000283e0000)]
  0x0000000027971800 JavaThread "C1 CompilerThread3" daemon [_thread_blocked, id=5124, stack(0x00000000281e0000,0x00000000282e0000)]
  0x0000000027970800 JavaThread "C2 CompilerThread2" daemon [_thread_blocked, id=7544, stack(0x00000000280e0000,0x00000000281e0000)]
  0x000000002796a800 JavaThread "C2 CompilerThread1" daemon [_thread_blocked, id=3188, stack(0x0000000027fe0000,0x00000000280e0000)]
  0x0000000027963800 JavaThread "C2 CompilerThread0" daemon [_thread_blocked, id=3324, stack(0x0000000027ee0000,0x0000000027fe0000)]
  0x0000000027962800 JavaThread "Attach Listener" daemon [_thread_blocked, id=2680, stack(0x0000000027de0000,0x0000000027ee0000)]
  0x0000000027917000 JavaThread "Signal Dispatcher" daemon [_thread_blocked, id=4856, stack(0x0000000027ce0000,0x0000000027de0000)]
  0x0000000002939000 JavaThread "Finalizer" daemon [_thread_blocked, id=2516, stack(0x0000000027640000,0x0000000027740000)]
  0x0000000002932000 JavaThread "Reference Handler" daemon [_thread_blocked, id=8172, stack(0x0000000027540000,0x0000000027640000)]
=>0x0000000002840800 JavaThread "main" [_thread_in_native, id=508, stack(0x00000000023b0000,0x00000000024b0000)]

Other Threads:
  0x0000000025769000 VMThread [stack: 0x0000000027440000,0x0000000027540000] [id=6648]
  0x0000000027a92800 WatcherThread [stack: 0x00000000283e0000,0x00000000284e0000] [id=7792]

VM state:not at safepoint (normal execution)

VM Mutex/Monitor currently owned by a thread: None

Heap:
 PSYoungGen      total 151552K, used 84409K [0x0000000716f80000, 0x0000000721880000, 0x00000007c0000000)
  eden space 130048K, 64% used [0x0000000716f80000,0x000000071c1ee4c8,0x000000071ee80000)
  from space 21504K, 0% used [0x0000000720380000,0x0000000720380000,0x0000000721880000)
  to   space 21504K, 0% used [0x000000071ee80000,0x000000071ee80000,0x0000000720380000)
 ParOldGen       total 347136K, used 0K [0x00000005c4e00000, 0x00000005da100000, 0x0000000716f80000)
  object space 347136K, 0% used [0x00000005c4e00000,0x00000005c4e00000,0x00000005da100000)
 Metaspace       used 8542K, capacity 8720K, committed 8832K, reserved 1056768K
  class space    used 1026K, capacity 1092K, committed 1152K, reserved 1048576K

Card table byte_map: [0x0000000011d90000,0x0000000012d70000] byte_map_base: 0x000000000ef69000

Marking Bits: (ParMarkBitMap*) 0x00000000525ea5b0
 Begin Bits: [0x0000000014010000, 0x000000001bed8000)
 End Bits:   [0x000000001bed8000, 0x0000000023da0000)

Polling page: 0x00000000009f0000

CodeCache: size=245760Kb used=1967Kb max_used=1967Kb free=243792Kb
 bounds [0x00000000029d0000, 0x0000000002c40000, 0x00000000119d0000]
 total_blobs=874 nmethods=447 adapters=340
 compilation: enabled

Compilation events (10 events):
Event: 4.221 Thread 0x0000000027971800 nmethod 440 0x0000000002bb8690 code [0x0000000002bb8800, 0x0000000002bb8a28]
Event: 4.269 Thread 0x0000000027971800  441       3       sun.awt.SunToolkit::getAppContext (42 bytes)
Event: 4.270 Thread 0x0000000027971800 nmethod 441 0x0000000002bb8ad0 code [0x0000000002bb8cc0, 0x0000000002bb96c8]
Event: 4.270 Thread 0x0000000027971800  442       3       sun.awt.SunToolkit::targetToAppContext (30 bytes)
Event: 4.271 Thread 0x0000000027971800 nmethod 442 0x0000000002bb98d0 code [0x0000000002bb9a60, 0x0000000002bba038]
Event: 4.271 Thread 0x0000000027971800  443       3       intel.rssdk.PXCMBase::<init> (28 bytes)
Event: 4.271 Thread 0x0000000027971800 nmethod 443 0x0000000002bba250 code [0x0000000002bba3c0, 0x0000000002bba610]
Event: 4.345 Thread 0x0000000027971800  444       3       intel.rssdk.PXCMImage::<init> (7 bytes)
Event: 4.345 Thread 0x0000000027971800 nmethod 444 0x0000000002bba710 code [0x0000000002bba880, 0x0000000002bbab30]
Event: 4.424 Thread 0x0000000027971800  445   !   3       sun.misc.URLClassPath$JarLoader::getResource (85 bytes)

GC Heap History (0 events):
No events

Deoptimization events (3 events):
Event: 2.215 Thread 0x0000000002840800 Uncommon trap: reason=unstable_if action=reinterpret pc=0x0000000002b5bbe8 method=java.lang.String.indexOf([CII[CIII)I @ 134
Event: 2.320 Thread 0x0000000002840800 Uncommon trap: reason=unstable_if action=reinterpret pc=0x0000000002b9ab70 method=java.awt.image.DirectColorModel.getDataElements(ILjava/lang/Object;)Ljava/lang/Object; @ 11
Event: 2.328 Thread 0x0000000002840800 Uncommon trap: reason=unstable_if action=reinterpret pc=0x0000000002ba0e50 method=java.awt.image.BufferedImage.setRGB(IIII[III)V @ 16

Internal exceptions (10 events):
Event: 2.156 Thread 0x0000000002840800 Exception <a 'java/security/PrivilegedActionException'> (0x0000000717145c48) thrown at [C:\re\workspace\8-2-build-windows-amd64-cygwin\jdk8u66\5298\hotspot\src\share\vm\prims\jvm.cpp, line 1386]
Event: 2.156 Thread 0x0000000002840800 Exception <a 'java/security/PrivilegedActionException'> (0x00000007171497f0) thrown at [C:\re\workspace\8-2-build-windows-amd64-cygwin\jdk8u66\5298\hotspot\src\share\vm\prims\jvm.cpp, line 1386]
Event: 2.156 Thread 0x0000000002840800 Exception <a 'java/security/PrivilegedActionException'> (0x0000000717149a00) thrown at [C:\re\workspace\8-2-build-windows-amd64-cygwin\jdk8u66\5298\hotspot\src\share\vm\prims\jvm.cpp, line 1386]
Event: 2.158 Thread 0x0000000002840800 Exception <a 'java/io/FileNotFoundException'> (0x000000071714bef0) thrown at [C:\re\workspace\8-2-build-windows-amd64-cygwin\jdk8u66\5298\hotspot\src\share\vm\prims\jni.cpp, line 709]
Event: 2.180 Thread 0x0000000002840800 Exception <a 'java/lang/NoSuchFieldError': method resolution failed> (0x000000071772dc90) thrown at [C:\re\workspace\8-2-build-windows-amd64-cygwin\jdk8u66\5298\hotspot\src\share\vm\prims\methodHandles.cpp, line 1146]
Event: 2.181 Thread 0x0000000002840800 Exception <a 'java/lang/NoSuchFieldError': method resolution failed> (0x000000071773afe0) thrown at [C:\re\workspace\8-2-build-windows-amd64-cygwin\jdk8u66\5298\hotspot\src\share\vm\prims\methodHandles.cpp, line 1146]
Event: 2.206 Thread 0x0000000002840800 Exception <a 'java/io/FileNotFoundException'> (0x00000007178fdf60) thrown at [C:\re\workspace\8-2-build-windows-amd64-cygwin\jdk8u66\5298\hotspot\src\share\vm\prims\jni.cpp, line 709]
Event: 2.269 Thread 0x0000000002840800 Exception <a 'java/io/FileNotFoundException'> (0x0000000717ec5908) thrown at [C:\re\workspace\8-2-build-windows-amd64-cygwin\jdk8u66\5298\hotspot\src\share\vm\prims\jni.cpp, line 709]
Event: 2.269 Thread 0x0000000002840800 Exception <a 'java/lang/NullPointerException'> (0x0000000717ec60e0) thrown at [C:\re\workspace\8-2-build-windows-amd64-cygwin\jdk8u66\5298\hotspot\src\share\vm\interpreter\linkResolver.cpp, line 1178]
Event: 2.320 Thread 0x0000000002840800 Implicit null exception at 0x0000000002b9a77e to 0x0000000002b9ab59

Events (10 events):
Event: 4.081 Executing VM operation: EnableBiasedLocking
Event: 4.081 Executing VM operation: EnableBiasedLocking done
Event: 4.395 Thread 0x00000000341d0000 Thread added: 0x00000000341d0000
Event: 4.395 loading class intel/rssdk/PXCMHandData$GestureStateType
Event: 4.395 loading class intel/rssdk/PXCMHandData$GestureStateType done
Event: 4.396 loading class hand/GestureHandler$Hands
Event: 4.396 loading class hand/GestureHandler$Hands done
Event: 4.396 Thread 0x00000000341d0000 Thread exited: 0x00000000341d0000
Event: 4.424 loading class intel/rssdk/PXCMHandData$IHand
Event: 4.424 loading class intel/rssdk/PXCMHandData$IHand done


Dynamic libraries:
0x00007ff7a6370000 - 0x00007ff7a63a7000 	C:\Program Files\Java\jre1.8.0_66\bin\javaw.exe
0x00007ff9b0ba0000 - 0x00007ff9b0d61000 	C:\WINDOWS\SYSTEM32\ntdll.dll
0x00007ff9b0150000 - 0x00007ff9b01fd000 	C:\WINDOWS\system32\KERNEL32.DLL
0x00007ff9adb20000 - 0x00007ff9add08000 	C:\WINDOWS\system32\KERNELBASE.dll
0x00007ff9b0200000 - 0x00007ff9b02a7000 	C:\WINDOWS\system32\ADVAPI32.dll
0x00007ff9b02d0000 - 0x00007ff9b036d000 	C:\WINDOWS\system32\msvcrt.dll
0x00007ff9af730000 - 0x00007ff9af78b000 	C:\WINDOWS\system32\sechost.dll
0x00007ff9b0970000 - 0x00007ff9b0a8c000 	C:\WINDOWS\system32\RPCRT4.dll
0x00007ff9af800000 - 0x00007ff9af956000 	C:\WINDOWS\system32\USER32.dll
0x00007ff9afa20000 - 0x00007ff9afba6000 	C:\WINDOWS\system32\GDI32.dll
0x00007ff999c70000 - 0x00007ff999ee4000 	C:\WINDOWS\WinSxS\amd64_microsoft.windows.common-controls_6595b64144ccf1df_6.0.10586.0_none_8c15ae12515e1c22\COMCTL32.dll
0x00007ff9b0540000 - 0x00007ff9b07bd000 	C:\WINDOWS\system32\combase.dll
0x00007ff9add10000 - 0x00007ff9add7a000 	C:\WINDOWS\system32\bcryptPrimitives.dll
0x00007ff9b0500000 - 0x00007ff9b053b000 	C:\WINDOWS\system32\IMM32.DLL
0x0000000180000000 - 0x00000001800e7000 	D:\app\mactype\MacType64.dll
0x00007ff9ac7c0000 - 0x00007ff9ac7e1000 	D:\app\mactype\EasyHK64.dll
0x00007ff9af720000 - 0x00007ff9af728000 	C:\WINDOWS\system32\PSAPI.DLL
0x0000000051c30000 - 0x0000000051d02000 	C:\Program Files\Java\jre1.8.0_66\bin\msvcr100.dll
0x0000000051de0000 - 0x0000000052669000 	C:\Program Files\Java\jre1.8.0_66\bin\server\jvm.dll
0x00007ff9ab410000 - 0x00007ff9ab433000 	C:\WINDOWS\SYSTEM32\WINMM.dll
0x00007ff9a8d30000 - 0x00007ff9a8d39000 	C:\WINDOWS\SYSTEM32\WSOCK32.dll
0x00007ff99e5a0000 - 0x00007ff99e5aa000 	C:\WINDOWS\SYSTEM32\VERSION.dll
0x00007ff9b0380000 - 0x00007ff9b03eb000 	C:\WINDOWS\system32\WS2_32.dll
0x00007ff9ab3b0000 - 0x00007ff9ab3dc000 	C:\WINDOWS\SYSTEM32\WINMMBASE.dll
0x00007ff9add80000 - 0x00007ff9addc3000 	C:\WINDOWS\system32\cfgmgr32.dll
0x0000000051dd0000 - 0x0000000051ddf000 	C:\Program Files\Java\jre1.8.0_66\bin\verify.dll
0x0000000051da0000 - 0x0000000051dc9000 	C:\Program Files\Java\jre1.8.0_66\bin\java.dll
0x0000000051d80000 - 0x0000000051d96000 	C:\Program Files\Java\jre1.8.0_66\bin\zip.dll
0x00007ff9ae0f0000 - 0x00007ff9af64f000 	C:\WINDOWS\system32\SHELL32.dll
0x00007ff9ad2b0000 - 0x00007ff9ad8f4000 	C:\WINDOWS\system32\windows.storage.dll
0x0000000002940000 - 0x0000000002992000 	C:\WINDOWS\system32\shlwapi.dll
0x00007ff9ad1e0000 - 0x00007ff9ad1ef000 	C:\WINDOWS\system32\kernel.appcore.dll
0x0000000027820000 - 0x00000000278d5000 	C:\WINDOWS\system32\shcore.dll
0x00007ff9ad200000 - 0x00007ff9ad24b000 	C:\WINDOWS\system32\powrprof.dll
0x00007ff9ad1c0000 - 0x00007ff9ad1d4000 	C:\WINDOWS\system32\profapi.dll
0x00007ff9a6090000 - 0x00007ff9a60ed000 	D:\usr\workspace\eclipse\RealSenseCam\libpxcclr.jni64.dll
0x00007ff9a1570000 - 0x00007ff9a15fb000 	C:\Program Files\Common Files\Intel\RSSDK\v7\bin\x64\libpxcsession.dll
0x00007ff9adfa0000 - 0x00007ff9ae0e3000 	C:\WINDOWS\system32\ole32.dll
0x00007ff9a1b30000 - 0x00007ff9a1b82000 	C:\Program Files\Common Files\Intel\RSSDK\v7\bin\x64\tbb.dll
0x00007ff99fc40000 - 0x00007ff99fd14000 	C:\WINDOWS\SYSTEM32\MSVCR110.dll
0x00007ff9a0d70000 - 0x00007ff9a0e17000 	C:\WINDOWS\SYSTEM32\MSVCP110.dll
0x00007ff98c0c0000 - 0x00007ff98c294000 	C:\Program Files\Common Files\Intel\RSSDK\v7\bin\x64\libpxccore.dll
0x00007ff9acea0000 - 0x00007ff9acecd000 	C:\WINDOWS\SYSTEM32\SspiCli.dll
0x00007ff9a1460000 - 0x00007ff9a1561000 	C:\Program Files\Common Files\Intel\RSSDK\v7\bin\x64\intel-ias2.dll
0x00007ff9a1410000 - 0x00007ff9a145d000 	C:\Program Files\Common Files\Intel\RSSDK\v7\bin\x64\libpxclanternrock.dll
0x00007ff99e070000 - 0x00007ff99e193000 	C:\Program Files\Common Files\Intel\RSSDK\v7\bin\x64\libpxcpipelineutils.dll
0x00007ff98a000000 - 0x00007ff98bc7b000 	C:\Program Files\Common Files\Intel\RSSDK\v7\bin\x64\libpxchand_core.dll
0x00007ff9af650000 - 0x00007ff9af711000 	C:\WINDOWS\system32\OLEAUT32.dll
0x00007ff9888e0000 - 0x00007ff989ffb000 	C:\Program Files\Common Files\Intel\RSSDK\v7\bin\x64\libpxchand_track.dll
0x00007ff987980000 - 0x00007ff9888dc000 	C:\Program Files\Common Files\Intel\RSSDK\v7\bin\x64\libpxchand_facade.dll
0x00007ff9869f0000 - 0x00007ff987972000 	C:\Program Files\Common Files\Intel\RSSDK\v7\bin\x64\libpxchandmodule.dll
0x00007ff9a6070000 - 0x00007ff9a6083000 	C:\Program Files\Common Files\Intel\RSSDK\v7\bin\x64\libpxcpowermanager.dll
0x00007ff9a0800000 - 0x00007ff9a091f000 	C:\Program Files\Common Files\Intel\RSDCM\bin\x64\IVCAM_DLL.dll
0x00007ff9afd20000 - 0x00007ff9b0149000 	C:\WINDOWS\system32\SETUPAPI.dll
0x00007ff99d0a0000 - 0x00007ff99d130000 	C:\WINDOWS\SYSTEM32\MF.dll
0x00007ff9a1d30000 - 0x00007ff9a1e3d000 	C:\WINDOWS\SYSTEM32\MFPlat.DLL
0x00007ff9a0e50000 - 0x00007ff9a0ed3000 	C:\WINDOWS\SYSTEM32\MFReadWrite.dll
0x00007ff993e50000 - 0x00007ff993ed2000 	C:\WINDOWS\SYSTEM32\newdev.dll
0x00007ff9a6060000 - 0x00007ff9a606b000 	C:\WINDOWS\SYSTEM32\WINUSB.DLL
0x00007ff98cbe0000 - 0x00007ff98ce4a000 	C:\WINDOWS\SYSTEM32\MFCORE.DLL
0x00007ff9abb10000 - 0x00007ff9abba6000 	C:\WINDOWS\SYSTEM32\UxTheme.dll
0x00007ff9a8680000 - 0x00007ff9a8688000 	C:\WINDOWS\SYSTEM32\ksuser.dll
0x00007ff9a83f0000 - 0x00007ff9a8403000 	C:\WINDOWS\SYSTEM32\devrtl.DLL
0x00007ff9a1d00000 - 0x00007ff9a1d2b000 	C:\WINDOWS\SYSTEM32\RTWorkQ.DLL
0x00007ff986570000 - 0x00007ff9869e3000 	C:\Program Files\Common Files\Intel\RSDCM\bin\x64\libpxccamera_dcm_f200.dll
0x00007ff9a8970000 - 0x00007ff9a89f4000 	C:\WINDOWS\SYSTEM32\WINSPOOL.DRV
0x00007ff9a8410000 - 0x00007ff9a8417000 	C:\WINDOWS\SYSTEM32\MSIMG32.dll
0x00007ff998130000 - 0x00007ff99819a000 	C:\WINDOWS\SYSTEM32\OLEACC.dll
0x00007ff9947d0000 - 0x00007ff994978000 	C:\WINDOWS\WinSxS\amd64_microsoft.windows.gdiplus_6595b64144ccf1df_1.1.10586.20_none_db007f1392e69ef4\gdiplus.dll
0x00007ff9aced0000 - 0x00007ff9acef9000 	C:\WINDOWS\SYSTEM32\bcrypt.dll
0x00007ff9b03f0000 - 0x00007ff9b0497000 	C:\WINDOWS\system32\clbcatq.dll
0x00007ff9a1860000 - 0x00007ff9a187a000 	C:\Program Files\Common Files\Intel\RSDCM\bin\x64\RealSenseDCMPS.dll
0x00007ff986330000 - 0x00007ff98656f000 	C:\WINDOWS\System32\msxml3.dll
0x00007ff99d950000 - 0x00007ff99db08000 	C:\WINDOWS\SYSTEM32\urlmon.dll
0x00007ff99d2c0000 - 0x00007ff99d643000 	C:\WINDOWS\SYSTEM32\iertutil.dll
0x00007ff999560000 - 0x00007ff9997ee000 	C:\WINDOWS\SYSTEM32\wininet.dll
0x000000002c960000 - 0x000000002caba000 	C:\WINDOWS\system32\MSCTF.dll
0x00007ff9aa3e0000 - 0x00007ff9aa402000 	C:\WINDOWS\SYSTEM32\dwmapi.dll
0x00007ff9abc60000 - 0x00007ff9abc87000 	C:\WINDOWS\system32\DEVOBJ.dll
0x00007ff9ad250000 - 0x00007ff9ad2a5000 	C:\WINDOWS\system32\WINTRUST.dll
0x00007ff9ad1f0000 - 0x00007ff9ad200000 	C:\WINDOWS\system32\MSASN1.dll
0x00007ff9addd0000 - 0x00007ff9adf97000 	C:\WINDOWS\system32\CRYPT32.dll
0x0000000051a90000 - 0x0000000051c28000 	C:\Program Files\Java\jre1.8.0_66\bin\awt.dll
0x00007ff9ab980000 - 0x00007ff9ab9f9000 	C:\WINDOWS\system32\apphelp.dll
0x0000000051a40000 - 0x0000000051a87000 	C:\Program Files\Java\jre1.8.0_66\bin\fontmanager.dll
0x00007ff98f760000 - 0x00007ff98f7b8000 	C:\WINDOWS\System32\SensorsApi.dll
0x00007ff9a6000000 - 0x00007ff9a600f000 	C:\WINDOWS\System32\SensorsUtilsV2.dll
0x00007ff9ac330000 - 0x00007ff9ac424000 	C:\WINDOWS\SYSTEM32\ucrtbase.dll
0x00007ff9a13f0000 - 0x00007ff9a140c000 	C:\WINDOWS\System32\SensorsNativeApi.V2.dll
0x00007ff9aa410000 - 0x00007ff9aa596000 	C:\WINDOWS\System32\PROPSYS.dll
0x00007ff98bf30000 - 0x00007ff98c0bc000 	C:\WINDOWS\SYSTEM32\dbghelp.dll

VM Arguments:
jvm_args: -Dfile.encoding=UTF-8 
java_command: hand.HandCapture
java_class_path (initial): D:\usr\workspace\eclipse\RealSenseCam\bin;D:\usr\workspace\eclipse\RealSenseCam\libpxcclr.java.jar
Launcher Type: SUN_STANDARD

Environment Variables:
JAVA_HOME=C:\Program Files\Java\jdk1.8.0_65\
PATH=C:/Program Files/Java/jre1.8.0_66/bin/server;C:/Program Files/Java/jre1.8.0_66/bin;C:/Program Files/Java/jre1.8.0_66/lib/amd64;C:\ProgramData\Oracle\Java\javapath;C:\WINDOWS\system32;C:\WINDOWS;C:\WINDOWS\System32\Wbem;C:\WINDOWS\System32\WindowsPowerShell\v1.0\;C:\Program Files (x86)\Intel\OpenCL SDK\3.0\bin\x86;C:\Program Files (x86)\Intel\OpenCL SDK\3.0\bin\x64;C:\WINDOWS\system32\config\systemprofile\.dnx\bin;C:\Program Files\Microsoft DNX\Dnvm\;C:\Program Files (x86)\Windows Kits\10\Windows Performance Toolkit\;D:\app\nodejs\;D:\app\mactype;C:\Program Files\Java\jre1.8.0_66\bin;C:\Program Files\VideoLAN\VLC\plugins;"C:\Program Files\Java\jdk1.8.0_65\bin";C:\Users\JhaoWei\AppData\Roaming\npm;D:\app\eclipse\eclipse;
USERNAME=JhaoWei
OS=Windows_NT
PROCESSOR_IDENTIFIER=Intel64 Family 6 Model 60 Stepping 3, GenuineIntel



---------------  S Y S T E M  ---------------

OS: Windows 10.0 , 64 bit Build 10586 (10.0.10586.0)

CPU:total 8 (4 cores per cpu, 2 threads per core) family 6 model 60 stepping 3, cmov, cx8, fxsr, mmx, sse, sse2, sse3, ssse3, sse4.1, sse4.2, popcnt, avx, avx2, aes, clmul, erms, lzcnt, ht, tsc, tscinvbit, bmi1, bmi2

Memory: 4k page, physical 33226952k(28566352k free), swap 38207688k(32226556k free)

vm_info: Java HotSpot(TM) 64-Bit Server VM (25.66-b18) for windows-amd64 JRE (1.8.0_66-b18), built on Nov  9 2015 10:51:13 by "java_re" with MS VC++ 10.0 (VS2010)

time: Thu Jan 28 11:07:48 2016
elapsed time: 4 seconds (0d 0h 0m 4s)

